D, [2014-06-19T07:43:02.601196 #691] DEBUG -- :   [1m[36m (0.1ms)[0m  [1mbegin transaction[0m
D, [2014-06-19T07:43:02.609109 #691] DEBUG -- :   [1m[35m (0.1ms)[0m  rollback transaction
D, [2014-06-19T07:43:06.030345 #691] DEBUG -- :   [1m[36m (0.1ms)[0m  [1mbegin transaction[0m
D, [2014-06-19T07:43:06.030966 #691] DEBUG -- :   [1m[35m (0.0ms)[0m  rollback transaction
D, [2014-06-19T07:45:49.726547 #691] DEBUG -- :   [1m[36mPlace Load (0.1ms)[0m  [1mSELECT "places".* FROM "places"[0m
D, [2014-06-19T07:45:49.738387 #691] DEBUG -- :   [1m[35mPlace Load (0.2ms)[0m  SELECT "places"."category" FROM "places"
D, [2014-06-19T07:53:43.414256 #691] DEBUG -- :   [1m[36mPlace Load (0.2ms)[0m  [1mSELECT "places".* FROM "places"[0m
D, [2014-06-19T07:53:43.415579 #691] DEBUG -- :   [1m[35mPlace Load (0.1ms)[0m  SELECT "places"."category" FROM "places"
D, [2014-06-19T07:55:31.399428 #691] DEBUG -- :   [1m[36mPlace Load (0.3ms)[0m  [1mSELECT "places".* FROM "places"[0m
D, [2014-06-19T07:55:31.400935 #691] DEBUG -- :   [1m[35mPlace Load (0.1ms)[0m  SELECT "places"."category" FROM "places"
D, [2014-06-19T08:12:28.219175 #691] DEBUG -- :   [1m[36mPlace Load (0.2ms)[0m  [1mSELECT "places".* FROM "places"[0m
D, [2014-06-19T08:12:28.220448 #691] DEBUG -- :   [1m[35mPlace Load (0.1ms)[0m  SELECT "places"."category" FROM "places"
D, [2014-06-19T08:12:44.016900 #691] DEBUG -- :   [1m[36mPlace Load (0.2ms)[0m  [1mSELECT "places".* FROM "places"[0m
D, [2014-06-19T08:12:44.018511 #691] DEBUG -- :   [1m[35mPlace Load (0.1ms)[0m  SELECT "places"."category" FROM "places"
D, [2014-06-19T08:12:54.272895 #691] DEBUG -- :   [1m[36mPlace Load (0.1ms)[0m  [1mSELECT "places".* FROM "places"[0m
D, [2014-06-19T08:12:54.274236 #691] DEBUG -- :   [1m[35mPlace Load (0.1ms)[0m  SELECT "places"."category" FROM "places"
D, [2014-06-19T08:13:37.102538 #691] DEBUG -- :   [1m[36mPlace Load (0.2ms)[0m  [1mSELECT "places".* FROM "places"[0m
D, [2014-06-19T08:13:37.103877 #691] DEBUG -- :   [1m[35mPlace Load (0.2ms)[0m  SELECT "places"."category" FROM "places"
D, [2014-06-19T08:15:28.645643 #691] DEBUG -- :   [1m[36mPlace Load (0.1ms)[0m  [1mSELECT "places".* FROM "places"[0m
D, [2014-06-19T08:15:28.646772 #691] DEBUG -- :   [1m[35mPlace Load (0.1ms)[0m  SELECT "places"."category" FROM "places"
D, [2014-06-19T08:20:31.054264 #691] DEBUG -- :   [1m[36mPlace Load (0.1ms)[0m  [1mSELECT "places".* FROM "places"[0m
D, [2014-06-19T08:20:31.055552 #691] DEBUG -- :   [1m[35mPlace Load (0.1ms)[0m  SELECT "places"."category" FROM "places"
D, [2014-06-19T08:20:45.870036 #691] DEBUG -- :   [1m[36mPlace Load (0.1ms)[0m  [1mSELECT "places".* FROM "places"[0m
D, [2014-06-19T08:20:45.871241 #691] DEBUG -- :   [1m[35mPlace Load (0.1ms)[0m  SELECT "places"."category" FROM "places"
D, [2014-06-19T08:23:47.031188 #691] DEBUG -- :   [1m[36mPlace Load (0.1ms)[0m  [1mSELECT "places".* FROM "places"[0m
D, [2014-06-19T08:23:47.032576 #691] DEBUG -- :   [1m[35mPlace Load (0.1ms)[0m  SELECT "places"."category" FROM "places"
D, [2014-06-19T08:23:49.297007 #691] DEBUG -- :   [1m[36mPlace Load (0.1ms)[0m  [1mSELECT "places".* FROM "places"  WHERE "places"."category" = 'Bar'[0m
D, [2014-06-19T08:23:49.298098 #691] DEBUG -- :   [1m[35mPlace Load (0.1ms)[0m  SELECT "places"."category" FROM "places"
D, [2014-06-19T08:23:50.813693 #691] DEBUG -- :   [1m[36mPlace Load (0.2ms)[0m  [1mSELECT "places".* FROM "places"  WHERE "places"."category" = 'Cafe'[0m
D, [2014-06-19T08:23:50.815419 #691] DEBUG -- :   [1m[35mPlace Load (0.1ms)[0m  SELECT "places"."category" FROM "places"
D, [2014-06-19T08:23:51.899156 #691] DEBUG -- :   [1m[36mPlace Load (0.3ms)[0m  [1mSELECT "places".* FROM "places"  WHERE "places"."category" = 'Restaurant'[0m
D, [2014-06-19T08:23:51.901519 #691] DEBUG -- :   [1m[35mPlace Load (0.2ms)[0m  SELECT "places"."category" FROM "places"
D, [2014-06-19T08:23:53.338613 #691] DEBUG -- :   [1m[36mPlace Load (0.2ms)[0m  [1mSELECT "places".* FROM "places"[0m
D, [2014-06-19T08:23:53.340792 #691] DEBUG -- :   [1m[35mPlace Load (0.2ms)[0m  SELECT "places"."category" FROM "places"
D, [2014-06-19T08:24:19.335994 #691] DEBUG -- :   [1m[36mPlace Load (0.2ms)[0m  [1mSELECT "places".* FROM "places"[0m
D, [2014-06-19T08:24:19.337384 #691] DEBUG -- :   [1m[35mPlace Load (0.1ms)[0m  SELECT "places"."category" FROM "places"
D, [2014-06-19T08:24:32.621614 #691] DEBUG -- :   [1m[36mPlace Load (0.1ms)[0m  [1mSELECT "places".* FROM "places"[0m
D, [2014-06-19T08:24:32.623103 #691] DEBUG -- :   [1m[35mPlace Load (0.1ms)[0m  SELECT "places"."category" FROM "places"
D, [2014-06-19T08:26:53.783873 #691] DEBUG -- :   [1m[36mPlace Load (0.2ms)[0m  [1mSELECT "places".* FROM "places"[0m
D, [2014-06-19T08:26:53.785054 #691] DEBUG -- :   [1m[35mPlace Load (0.1ms)[0m  SELECT "places"."category" FROM "places"
D, [2014-06-19T08:27:17.615804 #691] DEBUG -- :   [1m[36mPlace Load (0.2ms)[0m  [1mSELECT "places".* FROM "places"  WHERE "places"."category" = 'Restaurant'[0m
D, [2014-06-19T08:27:17.618168 #691] DEBUG -- :   [1m[35mPlace Load (0.2ms)[0m  SELECT "places"."category" FROM "places"
D, [2014-06-19T08:27:19.369042 #691] DEBUG -- :   [1m[36mPlace Load (0.2ms)[0m  [1mSELECT "places".* FROM "places"  WHERE "places"."category" = 'Cafe'[0m
D, [2014-06-19T08:27:19.371306 #691] DEBUG -- :   [1m[35mPlace Load (0.2ms)[0m  SELECT "places"."category" FROM "places"
D, [2014-06-19T08:27:20.648404 #691] DEBUG -- :   [1m[36mPlace Load (0.2ms)[0m  [1mSELECT "places".* FROM "places"  WHERE "places"."category" = 'Bar'[0m
D, [2014-06-19T08:27:20.651071 #691] DEBUG -- :   [1m[35mPlace Load (0.3ms)[0m  SELECT "places"."category" FROM "places"
D, [2014-06-19T08:27:21.491815 #691] DEBUG -- :   [1m[36mPlace Load (0.1ms)[0m  [1mSELECT "places".* FROM "places"[0m
D, [2014-06-19T08:27:21.493143 #691] DEBUG -- :   [1m[35mPlace Load (0.1ms)[0m  SELECT "places"."category" FROM "places"
D, [2014-06-19T08:31:40.883191 #691] DEBUG -- :   [1m[36mPlace Load (0.2ms)[0m  [1mSELECT "places".* FROM "places"[0m
D, [2014-06-19T08:31:40.884943 #691] DEBUG -- :   [1m[35mPlace Load (0.1ms)[0m  SELECT "places"."category" FROM "places"
D, [2014-06-19T08:38:03.025776 #691] DEBUG -- :   [1m[36mPlace Load (0.1ms)[0m  [1mSELECT "places".* FROM "places"[0m
D, [2014-06-19T08:38:03.027625 #691] DEBUG -- :   [1m[35mPlace Load (0.1ms)[0m  SELECT "places"."category" FROM "places"
D, [2014-06-19T08:38:34.179120 #691] DEBUG -- :   [1m[36mPlace Load (0.2ms)[0m  [1mSELECT "places".* FROM "places"  WHERE "places"."category" = 'Bar'[0m
D, [2014-06-19T08:38:34.180442 #691] DEBUG -- :   [1m[35mPlace Load (0.1ms)[0m  SELECT "places"."category" FROM "places"
D, [2014-06-19T08:38:35.199812 #691] DEBUG -- :   [1m[36mPlace Load (0.2ms)[0m  [1mSELECT "places".* FROM "places"[0m
D, [2014-06-19T08:38:35.202016 #691] DEBUG -- :   [1m[35mPlace Load (0.2ms)[0m  SELECT "places"."category" FROM "places"
D, [2014-06-19T08:39:06.984378 #691] DEBUG -- :   [1m[36mPlace Load (0.1ms)[0m  [1mSELECT "places"."category" FROM "places"[0m
D, [2014-06-19T08:39:28.067187 #691] DEBUG -- :   [1m[35m (0.1ms)[0m  begin transaction
D, [2014-06-19T08:39:28.069284 #691] DEBUG -- :   [1m[36m (0.3ms)[0m  [1mrollback transaction[0m
D, [2014-06-19T08:48:24.592669 #691] DEBUG -- :   [1m[35m (0.1ms)[0m  begin transaction
D, [2014-06-19T08:48:24.593594 #691] DEBUG -- :   [1m[36mSQL (0.3ms)[0m  [1mINSERT INTO "places" ("area", "category", "image", "name", "phone", "rating", "review", "url") VALUES (?, ?, ?, ?, ?, ?, ?, ?)[0m  [["area", "West"], ["category", "Cafe"], ["image", "http://www.broadsheet.com.au/media/cache/27/e4/27e4ad229ab328838103587b666b846d.jpg"], ["name", "Circa Specialty Coffee"], ["phone", "02 8896 6071"], ["rating", "4"], ["review", "  wdefrgh"], ["url", "http://circaespresso.com.au/"]]
D, [2014-06-19T08:48:24.602354 #691] DEBUG -- :   [1m[35m (8.5ms)[0m  commit transaction
D, [2014-06-19T08:48:24.608961 #691] DEBUG -- :   [1m[36m (0.1ms)[0m  [1mbegin transaction[0m
D, [2014-06-19T08:48:24.609834 #691] DEBUG -- :   [1m[35mSQL (0.3ms)[0m  INSERT INTO "places" ("area", "category", "image", "name", "phone", "rating", "review", "url") VALUES (?, ?, ?, ?, ?, ?, ?, ?)  [["area", "West"], ["category", "Cafe"], ["image", "http://www.broadsheet.com.au/media/cache/27/e4/27e4ad229ab328838103587b666b846d.jpg"], ["name", "Circa Specialty Coffee"], ["phone", "02 8896 6071"], ["rating", "4"], ["review", "  wdefrgh"], ["url", "http://circaespresso.com.au/"]]
D, [2014-06-19T08:48:24.611322 #691] DEBUG -- :   [1m[36m (1.0ms)[0m  [1mcommit transaction[0m
D, [2014-06-19T08:48:52.051997 #691] DEBUG -- :   [1m[35m (0.1ms)[0m  begin transaction
D, [2014-06-19T08:48:52.052723 #691] DEBUG -- :   [1m[36mSQL (0.2ms)[0m  [1mINSERT INTO "places" ("area", "category", "image", "name", "phone", "rating", "review", "url") VALUES (?, ?, ?, ?, ?, ?, ?, ?)[0m  [["area", "West"], ["category", "Cafe"], ["image", "http://www.broadsheet.com.au/media/cache/27/e4/27e4ad229ab328838103587b666b846d.jpg"], ["name", "Circa Specialty Coffee"], ["phone", "02 8896 6071"], ["rating", "4"], ["review", "  wdefrgh"], ["url", "http://circaespresso.com.au/"]]
D, [2014-06-19T08:48:52.061001 #691] DEBUG -- :   [1m[35m (8.1ms)[0m  commit transaction
D, [2014-06-19T08:48:52.065749 #691] DEBUG -- :   [1m[36m (0.1ms)[0m  [1mbegin transaction[0m
D, [2014-06-19T08:48:52.066926 #691] DEBUG -- :   [1m[35mSQL (0.3ms)[0m  INSERT INTO "places" ("area", "category", "image", "name", "phone", "rating", "review", "url") VALUES (?, ?, ?, ?, ?, ?, ?, ?)  [["area", "West"], ["category", "Cafe"], ["image", "http://www.broadsheet.com.au/media/cache/27/e4/27e4ad229ab328838103587b666b846d.jpg"], ["name", "Circa Specialty Coffee"], ["phone", "02 8896 6071"], ["rating", "4"], ["review", "  wdefrgh"], ["url", "http://circaespresso.com.au/"]]
D, [2014-06-19T08:48:52.067758 #691] DEBUG -- :   [1m[36m (0.6ms)[0m  [1mcommit transaction[0m
D, [2014-06-19T08:48:54.985417 #691] DEBUG -- :   [1m[35mPlace Load (0.3ms)[0m  SELECT "places".* FROM "places"
D, [2014-06-19T08:48:54.987815 #691] DEBUG -- :   [1m[36mPlace Load (0.2ms)[0m  [1mSELECT "places"."category" FROM "places"[0m
D, [2014-06-19T08:49:48.111452 #691] DEBUG -- :   [1m[35mPlace Load (0.2ms)[0m  SELECT  "places".* FROM "places"  WHERE "places"."id" = ? LIMIT 1  [["id", 1]]
D, [2014-06-19T08:52:44.985031 #691] DEBUG -- :   [1m[36mPlace Load (0.1ms)[0m  [1mSELECT  "places".* FROM "places"  WHERE "places"."id" = ? LIMIT 1[0m  [["id", 1]]
D, [2014-06-19T08:52:44.986676 #691] DEBUG -- :   [1m[35mPlace Load (0.2ms)[0m  SELECT "places".* FROM "places"
D, [2014-06-19T08:52:44.988160 #691] DEBUG -- :   [1m[36mPlace Load (0.1ms)[0m  [1mSELECT "places"."category" FROM "places"[0m
D, [2014-06-19T08:54:30.778355 #691] DEBUG -- :   [1m[35mPlace Load (0.1ms)[0m  SELECT  "places".* FROM "places"  WHERE "places"."id" = ? LIMIT 1  [["id", 1]]
D, [2014-06-19T08:54:30.779881 #691] DEBUG -- :   [1m[36mPlace Load (0.2ms)[0m  [1mSELECT "places".* FROM "places"[0m
D, [2014-06-19T08:54:30.781706 #691] DEBUG -- :   [1m[35mPlace Load (0.1ms)[0m  SELECT "places"."category" FROM "places"
D, [2014-06-19T08:54:55.168299 #691] DEBUG -- :   [1m[36mPlace Load (0.2ms)[0m  [1mSELECT  "places".* FROM "places"  WHERE "places"."id" = ? LIMIT 1[0m  [["id", 1]]
D, [2014-06-19T08:54:55.170070 #691] DEBUG -- :   [1m[35mPlace Load (0.2ms)[0m  SELECT "places".* FROM "places"
D, [2014-06-19T08:54:55.171558 #691] DEBUG -- :   [1m[36mPlace Load (0.1ms)[0m  [1mSELECT "places"."category" FROM "places"[0m
D, [2014-06-19T08:55:21.022355 #691] DEBUG -- :   [1m[35mPlace Load (0.2ms)[0m  SELECT  "places".* FROM "places"  WHERE "places"."id" = ? LIMIT 1  [["id", 1]]
D, [2014-06-19T08:55:21.024075 #691] DEBUG -- :   [1m[36mPlace Load (0.2ms)[0m  [1mSELECT "places".* FROM "places"[0m
D, [2014-06-19T08:55:21.025608 #691] DEBUG -- :   [1m[35mPlace Load (0.1ms)[0m  SELECT "places"."category" FROM "places"
D, [2014-06-19T08:55:34.410613 #691] DEBUG -- :   [1m[36mPlace Load (0.1ms)[0m  [1mSELECT  "places".* FROM "places"  WHERE "places"."id" = ? LIMIT 1[0m  [["id", 1]]
D, [2014-06-19T08:55:34.412232 #691] DEBUG -- :   [1m[35mPlace Load (0.2ms)[0m  SELECT "places".* FROM "places"
D, [2014-06-19T08:55:34.414049 #691] DEBUG -- :   [1m[36mPlace Load (0.1ms)[0m  [1mSELECT "places"."category" FROM "places"[0m
D, [2014-06-19T08:57:41.398604 #691] DEBUG -- :   [1m[35mPlace Load (0.1ms)[0m  SELECT  "places".* FROM "places"  WHERE "places"."id" = ? LIMIT 1  [["id", 1]]
D, [2014-06-19T08:57:41.400319 #691] DEBUG -- :   [1m[36mPlace Load (0.2ms)[0m  [1mSELECT "places".* FROM "places"[0m
D, [2014-06-19T08:57:41.401773 #691] DEBUG -- :   [1m[35mPlace Load (0.1ms)[0m  SELECT "places"."category" FROM "places"
D, [2014-06-19T08:58:14.435385 #691] DEBUG -- :   [1m[36mPlace Load (0.1ms)[0m  [1mSELECT  "places".* FROM "places"  WHERE "places"."id" = ? LIMIT 1[0m  [["id", 1]]
D, [2014-06-19T08:58:14.437041 #691] DEBUG -- :   [1m[35mPlace Load (0.2ms)[0m  SELECT "places".* FROM "places"
D, [2014-06-19T08:58:14.464354 #691] DEBUG -- :   [1m[36mPlace Load (0.2ms)[0m  [1mSELECT "places"."category" FROM "places"[0m
D, [2014-06-19T08:58:44.465434 #691] DEBUG -- :   [1m[35mPlace Load (0.1ms)[0m  SELECT  "places".* FROM "places"  WHERE "places"."id" = ? LIMIT 1  [["id", 1]]
D, [2014-06-19T08:58:44.467452 #691] DEBUG -- :   [1m[36mPlace Load (0.2ms)[0m  [1mSELECT "places".* FROM "places"[0m
D, [2014-06-19T08:58:44.469207 #691] DEBUG -- :   [1m[35mPlace Load (0.2ms)[0m  SELECT "places"."category" FROM "places"
D, [2014-06-19T08:58:52.701588 #691] DEBUG -- :   [1m[36mPlace Load (0.1ms)[0m  [1mSELECT  "places".* FROM "places"  WHERE "places"."id" = ? LIMIT 1[0m  [["id", 1]]
D, [2014-06-19T08:58:52.703216 #691] DEBUG -- :   [1m[35mPlace Load (0.2ms)[0m  SELECT "places".* FROM "places"
D, [2014-06-19T08:58:52.704852 #691] DEBUG -- :   [1m[36mPlace Load (0.1ms)[0m  [1mSELECT "places"."category" FROM "places"[0m
D, [2014-06-19T08:59:25.882845 #691] DEBUG -- :   [1m[35mPlace Load (0.2ms)[0m  SELECT  "places".* FROM "places"  WHERE "places"."id" = ? LIMIT 1  [["id", 1]]
D, [2014-06-19T08:59:25.885329 #691] DEBUG -- :   [1m[36mPlace Load (0.3ms)[0m  [1mSELECT "places".* FROM "places"[0m
D, [2014-06-19T08:59:25.888065 #691] DEBUG -- :   [1m[35mPlace Load (0.2ms)[0m  SELECT "places"."category" FROM "places"
D, [2014-06-19T08:59:42.440781 #691] DEBUG -- :   [1m[36mPlace Load (0.1ms)[0m  [1mSELECT  "places".* FROM "places"  WHERE "places"."id" = ? LIMIT 1[0m  [["id", 1]]
D, [2014-06-19T08:59:42.442493 #691] DEBUG -- :   [1m[35mPlace Load (0.2ms)[0m  SELECT "places".* FROM "places"
D, [2014-06-19T08:59:42.444537 #691] DEBUG -- :   [1m[36mPlace Load (0.1ms)[0m  [1mSELECT "places"."category" FROM "places"[0m
D, [2014-06-19T09:00:03.296675 #691] DEBUG -- :   [1m[35mPlace Load (0.1ms)[0m  SELECT  "places".* FROM "places"  WHERE "places"."id" = ? LIMIT 1  [["id", 1]]
D, [2014-06-19T09:00:03.299106 #691] DEBUG -- :   [1m[36mPlace Load (0.3ms)[0m  [1mSELECT "places".* FROM "places"[0m
D, [2014-06-19T09:00:03.301581 #691] DEBUG -- :   [1m[35mPlace Load (0.2ms)[0m  SELECT "places"."category" FROM "places"
D, [2014-06-19T09:00:09.400536 #691] DEBUG -- :   [1m[36mPlace Load (0.1ms)[0m  [1mSELECT  "places".* FROM "places"  WHERE "places"."id" = ? LIMIT 1[0m  [["id", 1]]
D, [2014-06-19T09:00:09.402289 #691] DEBUG -- :   [1m[35mPlace Load (0.2ms)[0m  SELECT "places".* FROM "places"
D, [2014-06-19T09:00:09.404109 #691] DEBUG -- :   [1m[36mPlace Load (0.1ms)[0m  [1mSELECT "places"."category" FROM "places"[0m
D, [2014-06-19T09:00:15.745803 #691] DEBUG -- :   [1m[35mPlace Load (0.1ms)[0m  SELECT  "places".* FROM "places"  WHERE "places"."id" = ? LIMIT 1  [["id", 1]]
D, [2014-06-19T09:00:15.747639 #691] DEBUG -- :   [1m[36mPlace Load (0.2ms)[0m  [1mSELECT "places".* FROM "places"[0m
D, [2014-06-19T09:00:15.749364 #691] DEBUG -- :   [1m[35mPlace Load (0.1ms)[0m  SELECT "places"."category" FROM "places"
D, [2014-06-19T09:00:22.621057 #691] DEBUG -- :   [1m[36mPlace Load (0.1ms)[0m  [1mSELECT  "places".* FROM "places"  WHERE "places"."id" = ? LIMIT 1[0m  [["id", 1]]
D, [2014-06-19T09:00:22.622936 #691] DEBUG -- :   [1m[35mPlace Load (0.3ms)[0m  SELECT "places".* FROM "places"
D, [2014-06-19T09:00:22.625205 #691] DEBUG -- :   [1m[36mPlace Load (0.1ms)[0m  [1mSELECT "places"."category" FROM "places"[0m
D, [2014-06-19T09:00:27.139679 #691] DEBUG -- :   [1m[35mPlace Load (0.1ms)[0m  SELECT  "places".* FROM "places"  WHERE "places"."id" = ? LIMIT 1  [["id", 1]]
D, [2014-06-19T09:00:27.141418 #691] DEBUG -- :   [1m[36mPlace Load (0.2ms)[0m  [1mSELECT "places".* FROM "places"[0m
D, [2014-06-19T09:00:27.143324 #691] DEBUG -- :   [1m[35mPlace Load (0.1ms)[0m  SELECT "places"."category" FROM "places"
D, [2014-06-19T09:00:34.062170 #691] DEBUG -- :   [1m[36mPlace Load (0.1ms)[0m  [1mSELECT  "places".* FROM "places"  WHERE "places"."id" = ? LIMIT 1[0m  [["id", 1]]
D, [2014-06-19T09:00:34.064305 #691] DEBUG -- :   [1m[35mPlace Load (0.2ms)[0m  SELECT "places".* FROM "places"
D, [2014-06-19T09:00:34.065710 #691] DEBUG -- :   [1m[36mPlace Load (0.1ms)[0m  [1mSELECT "places"."category" FROM "places"[0m
D, [2014-06-19T09:01:14.581545 #691] DEBUG -- :   [1m[35mPlace Load (0.2ms)[0m  SELECT  "places".* FROM "places"  WHERE "places"."id" = ? LIMIT 1  [["id", 1]]
D, [2014-06-19T09:01:14.583948 #691] DEBUG -- :   [1m[36mPlace Load (0.2ms)[0m  [1mSELECT "places".* FROM "places"[0m
D, [2014-06-19T09:01:14.585480 #691] DEBUG -- :   [1m[35mPlace Load (0.1ms)[0m  SELECT "places"."category" FROM "places"
D, [2014-06-19T09:01:28.635410 #691] DEBUG -- :   [1m[36mPlace Load (0.2ms)[0m  [1mSELECT  "places".* FROM "places"  WHERE "places"."id" = ? LIMIT 1[0m  [["id", 1]]
D, [2014-06-19T09:01:28.637328 #691] DEBUG -- :   [1m[35mPlace Load (0.2ms)[0m  SELECT "places".* FROM "places"
D, [2014-06-19T09:01:28.638876 #691] DEBUG -- :   [1m[36mPlace Load (0.1ms)[0m  [1mSELECT "places"."category" FROM "places"[0m
D, [2014-06-19T09:01:45.939204 #691] DEBUG -- :   [1m[35mPlace Load (0.1ms)[0m  SELECT  "places".* FROM "places"  WHERE "places"."id" = ? LIMIT 1  [["id", 1]]
D, [2014-06-19T09:01:45.940928 #691] DEBUG -- :   [1m[36mPlace Load (0.2ms)[0m  [1mSELECT "places".* FROM "places"[0m
D, [2014-06-19T09:01:45.942480 #691] DEBUG -- :   [1m[35mPlace Load (0.2ms)[0m  SELECT "places"."category" FROM "places"
D, [2014-06-19T09:02:00.090594 #691] DEBUG -- :   [1m[36mPlace Load (0.1ms)[0m  [1mSELECT  "places".* FROM "places"  WHERE "places"."id" = ? LIMIT 1[0m  [["id", 1]]
D, [2014-06-19T09:02:00.092325 #691] DEBUG -- :   [1m[35mPlace Load (0.2ms)[0m  SELECT "places".* FROM "places"
D, [2014-06-19T09:02:00.093907 #691] DEBUG -- :   [1m[36mPlace Load (0.1ms)[0m  [1mSELECT "places"."category" FROM "places"[0m
D, [2014-06-19T09:02:07.119606 #691] DEBUG -- :   [1m[35mPlace Load (0.1ms)[0m  SELECT  "places".* FROM "places"  WHERE "places"."id" = ? LIMIT 1  [["id", 1]]
D, [2014-06-19T09:03:46.315539 #691] DEBUG -- :   [1m[36mPlace Load (0.1ms)[0m  [1mSELECT  "places".* FROM "places"  WHERE "places"."id" = ? LIMIT 1[0m  [["id", 1]]
D, [2014-06-19T09:04:13.981570 #691] DEBUG -- :   [1m[35mPlace Load (0.1ms)[0m  SELECT  "places".* FROM "places"  WHERE "places"."id" = ? LIMIT 1  [["id", 1]]
D, [2014-06-19T09:04:13.984396 #691] DEBUG -- :   [1m[36mPlace Load (0.1ms)[0m  [1mSELECT "places"."category" FROM "places"[0m
D, [2014-06-19T09:06:06.850003 #691] DEBUG -- :   [1m[35mPlace Load (0.1ms)[0m  SELECT  "places".* FROM "places"  WHERE "places"."id" = ? LIMIT 1  [["id", 1]]
D, [2014-06-19T09:06:06.850270 #691] DEBUG -- :   [1m[36m (0.0ms)[0m  [1mbegin transaction[0m
D, [2014-06-19T09:06:06.851398 #691] DEBUG -- :   [1m[35m (0.0ms)[0m  rollback transaction
D, [2014-06-19T09:06:18.640736 #691] DEBUG -- :   [1m[36mPlace Load (0.1ms)[0m  [1mSELECT  "places".* FROM "places"  WHERE "places"."id" = ? LIMIT 1[0m  [["id", 1]]
D, [2014-06-19T09:06:18.641021 #691] DEBUG -- :   [1m[35m (0.1ms)[0m  begin transaction
D, [2014-06-19T09:06:18.641861 #691] DEBUG -- :   [1m[36mSQL (0.2ms)[0m  [1mUPDATE "places" SET "review" = ? WHERE "places"."id" = 1[0m  [["review", "  Circa is another spot where you’ll find some of the best coffee on offer well outside of the CBD or inner west. It’s a tiny hole-in-the-wall cafe, but don’t be deceived. Wander past the bustling entrance with the barista on show and you’ll be greeted by a long, slim cafe that stretches past the tiny kitchen to a backroom nook. It’s full of knick-knacks and trinkets that echo libraries, museums and science labs past. Mock windows frame mock views, copper pipes line the walls and warm plywood panelling abounds. But it’s not the eclectic décor that people flock here for – it’s the house blend coffee roasted by Five Senses and served double ristretto style (best enjoyed with milk).\r\n\r\nTony Sleiman and Aykut Sayan have nurtured this little warehouse conversion into a wildly popular local haunt, with street-side seating, colourful wall art and a breakfast and lunch menu that offers still-sizzling baked eggs in the pan, spiced French puy lentils or slow braised beef brisket sandwiches. The gleaming cold-drip dominates one corner, while pour-over and aero-press are on offer too, with filter of the week and reserve selection single origin (from the Five Senses back room). But Blue Mountains sticky chai and West African red hot chocolate make for great winter warmers, and there’s a hefty selection of teas on offer too."]]
D, [2014-06-19T09:06:18.651062 #691] DEBUG -- :   [1m[35m (9.0ms)[0m  commit transaction
D, [2014-06-19T09:06:18.657254 #691] DEBUG -- :   [1m[36mPlace Load (0.1ms)[0m  [1mSELECT  "places".* FROM "places"  WHERE "places"."id" = ? LIMIT 1[0m  [["id", 1]]
D, [2014-06-19T09:06:18.659023 #691] DEBUG -- :   [1m[35mPlace Load (0.1ms)[0m  SELECT "places".* FROM "places"
D, [2014-06-19T09:06:18.660560 #691] DEBUG -- :   [1m[36mPlace Load (0.1ms)[0m  [1mSELECT "places"."category" FROM "places"[0m
D, [2014-06-19T09:06:49.738304 #691] DEBUG -- :   [1m[35mPlace Load (0.1ms)[0m  SELECT  "places".* FROM "places"  WHERE "places"."id" = ? LIMIT 1  [["id", 1]]
D, [2014-06-19T09:06:49.748409 #691] DEBUG -- :   [1m[36mPlace Load (0.1ms)[0m  [1mSELECT "places"."category" FROM "places"[0m
D, [2014-06-19T09:07:17.001355 #691] DEBUG -- :   [1m[35mPlace Load (0.1ms)[0m  SELECT  "places".* FROM "places"  WHERE "places"."id" = ? LIMIT 1  [["id", 1]]
D, [2014-06-19T09:07:17.001687 #691] DEBUG -- :   [1m[36m (0.1ms)[0m  [1mbegin transaction[0m
D, [2014-06-19T09:07:17.004294 #691] DEBUG -- :   [1m[35mSQL (0.8ms)[0m  UPDATE "places" SET "review" = ? WHERE "places"."id" = 1  [["review", "  Circa is another spot where you’ll find some of the best coffee on offer well outside of the CBD or inner west. It’s a tiny hole-in-the-wall cafe, but don’t be deceived. Wander past the bustling entrance with the barista on show and you’ll be greeted by a long, slim cafe that stretches past the tiny kitchen to a backroom nook. It’s full of knick-knacks and trinkets that echo libraries, museums and science labs past. Mock windows frame mock views, copper pipes line the walls and warm plywood panelling abounds. But it’s not the eclectic décor that people flock here for – it’s the house blend coffee roasted by Five Senses and served double ristretto style (best enjoyed with milk).\r\n\r\n<p>Tony Sleiman and Aykut Sayan have nurtured this little warehouse conversion into a wildly popular local haunt, with street-side seating, colourful wall art and a breakfast and lunch menu that offers still-sizzling baked eggs in the pan, spiced French puy lentils or slow braised beef brisket sandwiches. The gleaming cold-drip dominates one corner, while pour-over and aero-press are on offer too, with filter of the week and reserve selection single origin (from the Five Senses back room). But Blue Mountains sticky chai and West African red hot chocolate make for great winter warmers, and there’s a hefty selection of teas on offer too.</p>"]]
D, [2014-06-19T09:07:17.005443 #691] DEBUG -- :   [1m[36m (0.8ms)[0m  [1mcommit transaction[0m
D, [2014-06-19T09:07:17.012382 #691] DEBUG -- :   [1m[35mPlace Load (0.1ms)[0m  SELECT  "places".* FROM "places"  WHERE "places"."id" = ? LIMIT 1  [["id", 1]]
D, [2014-06-19T09:07:17.014109 #691] DEBUG -- :   [1m[36mPlace Load (0.1ms)[0m  [1mSELECT "places".* FROM "places"[0m
D, [2014-06-19T09:07:17.050807 #691] DEBUG -- :   [1m[35mPlace Load (0.1ms)[0m  SELECT "places"."category" FROM "places"
D, [2014-06-19T09:07:46.550191 #691] DEBUG -- :   [1m[36mPlace Load (0.1ms)[0m  [1mSELECT  "places".* FROM "places"  WHERE "places"."id" = ? LIMIT 1[0m  [["id", 1]]
D, [2014-06-19T09:07:46.558101 #691] DEBUG -- :   [1m[35mPlace Load (0.2ms)[0m  SELECT "places".* FROM "places"
D, [2014-06-19T09:07:46.560495 #691] DEBUG -- :   [1m[36mPlace Load (0.2ms)[0m  [1mSELECT "places"."category" FROM "places"[0m
D, [2014-06-19T09:08:20.159077 #691] DEBUG -- :   [1m[35mPlace Load (0.2ms)[0m  SELECT  "places".* FROM "places"  WHERE "places"."id" = ? LIMIT 1  [["id", 1]]
D, [2014-06-19T09:08:20.162664 #691] DEBUG -- :   [1m[36mPlace Load (0.3ms)[0m  [1mSELECT "places".* FROM "places"[0m
D, [2014-06-19T09:08:20.166631 #691] DEBUG -- :   [1m[35mPlace Load (0.4ms)[0m  SELECT "places"."category" FROM "places"
D, [2014-06-19T09:08:27.427618 #691] DEBUG -- :   [1m[36mPlace Load (0.1ms)[0m  [1mSELECT  "places".* FROM "places"  WHERE "places"."id" = ? LIMIT 1[0m  [["id", 1]]
D, [2014-06-19T09:08:27.429317 #691] DEBUG -- :   [1m[35mPlace Load (0.2ms)[0m  SELECT "places".* FROM "places"
D, [2014-06-19T09:08:27.431075 #691] DEBUG -- :   [1m[36mPlace Load (0.2ms)[0m  [1mSELECT "places"."category" FROM "places"[0m
D, [2014-06-19T09:09:31.165894 #691] DEBUG -- :   [1m[35mPlace Load (0.1ms)[0m  SELECT  "places".* FROM "places"  WHERE "places"."id" = ? LIMIT 1  [["id", 1]]
D, [2014-06-19T09:09:31.167711 #691] DEBUG -- :   [1m[36mPlace Load (0.2ms)[0m  [1mSELECT "places".* FROM "places"[0m
D, [2014-06-19T09:09:31.169248 #691] DEBUG -- :   [1m[35mPlace Load (0.1ms)[0m  SELECT "places"."category" FROM "places"
D, [2014-06-19T09:10:17.472615 #691] DEBUG -- :   [1m[36mPlace Load (0.1ms)[0m  [1mSELECT  "places".* FROM "places"  WHERE "places"."id" = ? LIMIT 1[0m  [["id", 1]]
D, [2014-06-19T09:10:17.474214 #691] DEBUG -- :   [1m[35mPlace Load (0.2ms)[0m  SELECT "places".* FROM "places"
D, [2014-06-19T09:10:17.475702 #691] DEBUG -- :   [1m[36mPlace Load (0.1ms)[0m  [1mSELECT "places"."category" FROM "places"[0m
D, [2014-06-19T09:10:30.723947 #691] DEBUG -- :   [1m[35mPlace Load (0.2ms)[0m  SELECT "places".* FROM "places"  WHERE "places"."category" = 'Bar'
D, [2014-06-19T09:10:30.726222 #691] DEBUG -- :   [1m[36mPlace Load (0.2ms)[0m  [1mSELECT "places"."category" FROM "places"[0m
D, [2014-06-19T09:10:32.077767 #691] DEBUG -- :   [1m[35mPlace Load (0.2ms)[0m  SELECT "places".* FROM "places"  WHERE "places"."category" = 'Cafe'
D, [2014-06-19T09:10:32.079146 #691] DEBUG -- :   [1m[36mPlace Load (0.1ms)[0m  [1mSELECT "places"."category" FROM "places"[0m
D, [2014-06-19T09:10:34.040281 #691] DEBUG -- :   [1m[35mPlace Load (0.1ms)[0m  SELECT "places".* FROM "places"  WHERE "places"."category" = 'Restaurant'
D, [2014-06-19T09:10:34.041344 #691] DEBUG -- :   [1m[36mPlace Load (0.1ms)[0m  [1mSELECT "places"."category" FROM "places"[0m
D, [2014-06-19T09:10:35.082096 #691] DEBUG -- :   [1m[35mPlace Load (0.1ms)[0m  SELECT "places".* FROM "places"
D, [2014-06-19T09:10:35.083560 #691] DEBUG -- :   [1m[36mPlace Load (0.1ms)[0m  [1mSELECT "places"."category" FROM "places"[0m
D, [2014-06-19T09:11:07.820821 #691] DEBUG -- :   [1m[35mPlace Load (0.2ms)[0m  SELECT "places".* FROM "places"
D, [2014-06-19T09:11:07.822409 #691] DEBUG -- :   [1m[36mPlace Load (0.1ms)[0m  [1mSELECT "places"."category" FROM "places"[0m
D, [2014-06-19T09:11:18.391089 #691] DEBUG -- :   [1m[35mPlace Load (0.1ms)[0m  SELECT  "places".* FROM "places"  WHERE "places"."id" = ? LIMIT 1  [["id", 2]]
D, [2014-06-19T09:11:18.393597 #691] DEBUG -- :   [1m[36mPlace Load (0.2ms)[0m  [1mSELECT "places".* FROM "places"[0m
D, [2014-06-19T09:11:18.396066 #691] DEBUG -- :   [1m[35mPlace Load (0.2ms)[0m  SELECT "places"."category" FROM "places"
D, [2014-06-19T09:11:22.294323 #691] DEBUG -- :   [1m[36mPlace Load (0.1ms)[0m  [1mSELECT  "places".* FROM "places"  WHERE "places"."id" = ? LIMIT 1[0m  [["id", 2]]
D, [2014-06-19T09:11:22.304698 #691] DEBUG -- :   [1m[35mPlace Load (0.1ms)[0m  SELECT "places"."category" FROM "places"
D, [2014-06-19T09:17:58.688788 #691] DEBUG -- :   [1m[36mPlace Load (0.1ms)[0m  [1mSELECT  "places".* FROM "places"  WHERE "places"."id" = ? LIMIT 1[0m  [["id", 2]]
D, [2014-06-19T09:17:58.689071 #691] DEBUG -- :   [1m[35m (0.1ms)[0m  begin transaction
D, [2014-06-19T09:17:58.692569 #691] DEBUG -- :   [1m[36mSQL (2.3ms)[0m  [1mUPDATE "places" SET "area" = ?, "image" = ?, "name" = ?, "phone" = ?, "review" = ?, "url" = ? WHERE "places"."id" = 2[0m  [["area", "Inner West"], ["image", "http://www.broadsheet.com.au/media/cache/6c/bb/6cbbf04b69c6f1592d95593f3f6ef7c2.jpg"], ["name", "The Grounds of Alexandria"], ["phone", "(02) 9699 2225"], ["review", " <p>Headed up by creative entrepreneur Ramsey Choker and renowned coffee guru Jack Hanna, The Grounds is an innovative, sustainable specialty coffee outfit combining science, industrialism and organic gardens into one awe-inspiring space.</p>\r\n<p>\r\nBuilt into the remnants of a heritage-listed warehouse and spilling into an enormous courtyard and organic garden in Sydney’s west, The Grounds is both stunning and about as culturally indispensible as the harbour bridge, having once been the Four’N Twenty pie factory.</p>\r\n<p>\r\nNot to be overshadowed by the incredible standard of coffee, a tantalising food menu encompasses a wholesome, home-style selection of dishes, like the slow-roasted, pulled-pork sandwich with slaw and handmade pappardelle.</p>\r\n<p>\r\nSeparate to the kitchen, The Grounds bakery boasts an 800kg bread oven imported from Germany that churns out a huge selection of house breads and sweet pastries, including a signature potato and onion flatbread.</p>\r\n<p>\r\nThe Grounds’ NASA standard of coffee toys puts everyone at serious risk of hyperventilating. There’s a new generation Syneso espresso machine (one of the first in Australia), a customised Clover brewer, Twin 7kg Probat roasters, volumetric milk taps (invented by The Grounds) and the crown jewel, a one of a kind, retrofitted GS2 espresso machine sitting atop a purpose-built brew bar made from a remoulded shipping container.</p>\r\n<p>\r\nLike the Large Hadron Collider of specialty coffee, The Grounds represents a quantum leap in Sydney’s emerging coffee culture. Drop down for a brew before it becomes a rock concert of popularity.</p>"], ["url", "http://groundsroasters.com"]]
D, [2014-06-19T09:17:58.694507 #691] DEBUG -- :   [1m[35m (1.4ms)[0m  commit transaction
D, [2014-06-19T09:17:58.703026 #691] DEBUG -- :   [1m[36mPlace Load (0.1ms)[0m  [1mSELECT  "places".* FROM "places"  WHERE "places"."id" = ? LIMIT 1[0m  [["id", 2]]
D, [2014-06-19T09:17:58.705512 #691] DEBUG -- :   [1m[35mPlace Load (0.2ms)[0m  SELECT "places".* FROM "places"
D, [2014-06-19T09:17:58.707908 #691] DEBUG -- :   [1m[36mPlace Load (0.2ms)[0m  [1mSELECT "places"."category" FROM "places"[0m
D, [2014-06-19T09:20:31.481529 #691] DEBUG -- :   [1m[35mPlace Load (0.1ms)[0m  SELECT  "places".* FROM "places"  WHERE "places"."id" = ? LIMIT 1  [["id", 2]]
D, [2014-06-19T09:20:31.483132 #691] DEBUG -- :   [1m[36mPlace Load (0.2ms)[0m  [1mSELECT "places".* FROM "places"[0m
D, [2014-06-19T09:20:31.485489 #691] DEBUG -- :   [1m[35mPlace Load (0.2ms)[0m  SELECT "places"."category" FROM "places"
D, [2014-06-19T09:20:34.673506 #691] DEBUG -- :   [1m[36mPlace Load (0.1ms)[0m  [1mSELECT  "places".* FROM "places"  WHERE "places"."id" = ? LIMIT 1[0m  [["id", 0]]
D, [2014-06-19T09:20:49.966519 #691] DEBUG -- :   [1m[35mPlace Load (0.1ms)[0m  SELECT  "places".* FROM "places"  WHERE "places"."id" = ? LIMIT 1  [["id", 0]]
D, [2014-06-19T09:20:52.996518 #691] DEBUG -- :   [1m[36mPlace Load (0.2ms)[0m  [1mSELECT  "places".* FROM "places"  WHERE "places"."id" = ? LIMIT 1[0m  [["id", 2]]
D, [2014-06-19T09:20:52.998373 #691] DEBUG -- :   [1m[35mPlace Load (0.2ms)[0m  SELECT "places".* FROM "places"
D, [2014-06-19T09:20:52.999760 #691] DEBUG -- :   [1m[36mPlace Load (0.1ms)[0m  [1mSELECT "places"."category" FROM "places"[0m
D, [2014-06-19T09:20:57.088029 #691] DEBUG -- :   [1m[35mPlace Load (0.2ms)[0m  SELECT  "places".* FROM "places"  WHERE "places"."id" = ? LIMIT 1  [["id", 2]]
D, [2014-06-19T09:20:57.089762 #691] DEBUG -- :   [1m[36mPlace Load (0.2ms)[0m  [1mSELECT "places".* FROM "places"[0m
D, [2014-06-19T09:20:57.099131 #691] DEBUG -- :   [1m[35mPlace Load (0.1ms)[0m  SELECT "places"."category" FROM "places"
D, [2014-06-19T09:21:00.699972 #691] DEBUG -- :   [1m[36mPlace Load (0.1ms)[0m  [1mSELECT  "places".* FROM "places"  WHERE "places"."id" = ? LIMIT 1[0m  [["id", 1]]
D, [2014-06-19T09:21:00.701918 #691] DEBUG -- :   [1m[35mPlace Load (0.2ms)[0m  SELECT "places".* FROM "places"
D, [2014-06-19T09:21:00.703669 #691] DEBUG -- :   [1m[36mPlace Load (0.2ms)[0m  [1mSELECT "places"."category" FROM "places"[0m
D, [2014-06-19T09:21:01.923885 #691] DEBUG -- :   [1m[35mPlace Load (0.1ms)[0m  SELECT  "places".* FROM "places"  WHERE "places"."id" = ? LIMIT 1  [["id", 2]]
D, [2014-06-19T09:21:01.926349 #691] DEBUG -- :   [1m[36mPlace Load (0.2ms)[0m  [1mSELECT "places".* FROM "places"[0m
D, [2014-06-19T09:21:01.928743 #691] DEBUG -- :   [1m[35mPlace Load (0.2ms)[0m  SELECT "places"."category" FROM "places"
D, [2014-06-19T09:21:10.992659 #691] DEBUG -- :   [1m[36mPlace Load (0.2ms)[0m  [1mSELECT "places".* FROM "places"[0m
D, [2014-06-19T09:21:10.994100 #691] DEBUG -- :   [1m[35mPlace Load (0.1ms)[0m  SELECT "places"."category" FROM "places"
D, [2014-06-19T09:22:55.709689 #691] DEBUG -- :   [1m[36mPlace Load (0.1ms)[0m  [1mSELECT  "places".* FROM "places"  WHERE "places"."id" = ? LIMIT 1[0m  [["id", 0]]
D, [2014-06-19T09:23:02.447335 #691] DEBUG -- :   [1m[35mPlace Load (0.1ms)[0m  SELECT  "places".* FROM "places"  WHERE "places"."id" = ? LIMIT 1  [["id", 0]]
D, [2014-06-19T09:23:29.593944 #691] DEBUG -- :   [1m[36mPlace Load (0.2ms)[0m  [1mSELECT "places".* FROM "places"  WHERE "places"."rating" = '4'[0m
D, [2014-06-19T09:23:29.628577 #691] DEBUG -- :   [1m[35mPlace Load (0.1ms)[0m  SELECT "places"."category" FROM "places"
D, [2014-06-19T09:23:55.758037 #691] DEBUG -- :   [1m[36mPlace Load (0.2ms)[0m  [1mSELECT "places"."category" FROM "places"[0m
D, [2014-06-19T09:24:48.448565 #691] DEBUG -- :   [1m[35m (0.1ms)[0m  begin transaction
D, [2014-06-19T09:24:48.450255 #691] DEBUG -- :   [1m[36mSQL (0.3ms)[0m  [1mINSERT INTO "places" ("area", "category", "image", "name", "phone", "rating", "review", "url") VALUES (?, ?, ?, ?, ?, ?, ?, ?)[0m  [["area", "xfcgvhjb"], ["category", "bar"], ["image", "http://www.broadsheet.com.au/media/cache/27/e4/27e4ad229ab328838103587b666b846d.jpg"], ["name", "cfgvhbkj"], ["phone", "fcgvh"], ["rating", "2"], ["review", "  wegtfh"], ["url", "http://broadhsheet.com.au"]]
D, [2014-06-19T09:24:48.451104 #691] DEBUG -- :   [1m[35m (0.5ms)[0m  commit transaction
D, [2014-06-19T09:24:50.603149 #691] DEBUG -- :   [1m[36mPlace Load (0.2ms)[0m  [1mSELECT "places".* FROM "places"[0m
D, [2014-06-19T09:24:50.604603 #691] DEBUG -- :   [1m[35mPlace Load (0.1ms)[0m  SELECT "places"."category" FROM "places"
D, [2014-06-19T09:25:07.521310 #691] DEBUG -- :   [1m[36mPlace Load (0.3ms)[0m  [1mSELECT "places".* FROM "places"  WHERE "places"."rating" = '4'[0m
D, [2014-06-19T09:25:07.523025 #691] DEBUG -- :   [1m[35mPlace Load (0.1ms)[0m  SELECT "places"."category" FROM "places"
D, [2014-06-19T09:25:10.761691 #691] DEBUG -- :   [1m[36mPlace Load (0.3ms)[0m  [1mSELECT "places".* FROM "places"  WHERE "places"."rating" = '2'[0m
D, [2014-06-19T09:25:10.764140 #691] DEBUG -- :   [1m[35mPlace Load (0.2ms)[0m  SELECT "places"."category" FROM "places"
D, [2014-06-19T09:25:16.354617 #691] DEBUG -- :   [1m[36mPlace Load (0.1ms)[0m  [1mSELECT  "places".* FROM "places"  WHERE "places"."id" = ? LIMIT 1[0m  [["id", 5]]
D, [2014-06-19T09:25:16.355995 #691] DEBUG -- :   [1m[35mPlace Load (0.1ms)[0m  SELECT "places".* FROM "places"
D, [2014-06-19T09:25:16.357230 #691] DEBUG -- :   [1m[36mPlace Load (0.1ms)[0m  [1mSELECT "places"."category" FROM "places"[0m
D, [2014-06-19T09:25:34.485851 #691] DEBUG -- :   [1m[35mPlace Load (0.3ms)[0m  SELECT "places".* FROM "places"
D, [2014-06-19T09:25:34.488560 #691] DEBUG -- :   [1m[36mPlace Load (0.3ms)[0m  [1mSELECT "places"."category" FROM "places"[0m
D, [2014-06-19T09:26:14.413497 #691] DEBUG -- :   [1m[35mPlace Load (0.2ms)[0m  SELECT "places".* FROM "places"  WHERE "places"."category" = 'Bar'
D, [2014-06-19T09:26:14.414817 #691] DEBUG -- :   [1m[36mPlace Load (0.1ms)[0m  [1mSELECT "places"."category" FROM "places"[0m
D, [2014-06-19T09:26:20.360102 #691] DEBUG -- :   [1m[35mPlace Load (0.2ms)[0m  SELECT "places".* FROM "places"  WHERE "places"."category" = 'bar'
D, [2014-06-19T09:26:20.362128 #691] DEBUG -- :   [1m[36mPlace Load (0.2ms)[0m  [1mSELECT "places"."category" FROM "places"[0m
D, [2014-06-19T09:26:24.852602 #691] DEBUG -- :   [1m[35mPlace Load (0.2ms)[0m  SELECT "places".* FROM "places"  WHERE "places"."category" = 'Cafe'
D, [2014-06-19T09:26:24.854438 #691] DEBUG -- :   [1m[36mPlace Load (0.2ms)[0m  [1mSELECT "places"."category" FROM "places"[0m
D, [2014-06-19T09:26:27.372558 #691] DEBUG -- :   [1m[35mPlace Load (0.3ms)[0m  SELECT "places".* FROM "places"
D, [2014-06-19T09:26:27.375071 #691] DEBUG -- :   [1m[36mPlace Load (0.2ms)[0m  [1mSELECT "places"."category" FROM "places"[0m
